<?xml version="1.0" encoding="UTF-8"?>
<!-- Generated by org.testng.reporters.JUnitReportReporter -->
<testsuite hostname="GI-DT-NOC11" name="ProjectCar.Goibibo_Car_Vertical.Goibibo_Car_Vertical" tests="4" failures="0" timestamp="10 Mar 2020 01:14:16 GMT" time="17.197" errors="0">
  <testcase name="icon" time="2.097" classname="ProjectCar.Goibibo_Car_Vertical.Goibibo_Car_Vertical"/>
  <testcase name="car_review_page" time="2.049" classname="ProjectCar.Goibibo_Car_Vertical.Goibibo_Car_Vertical"/>
  <testcase name="payment_page" time="5.304" classname="ProjectCar.Goibibo_Car_Vertical.Goibibo_Car_Vertical"/>
  <testcase name="car_hompage" time="7.747" classname="ProjectCar.Goibibo_Car_Vertical.Goibibo_Car_Vertical"/>
</testsuite> <!-- ProjectCar.Goibibo_Car_Vertical.Goibibo_Car_Vertical -->
